<?xml version='1.0'?>
<ns2:test-suite xmlns:ns2='urn:model.allure.qatools.yandex.ru' start='1683920840322' stop='1683920850367'>
    <name>login</name>
    <title>login</title>
    <test-cases>
        <test-case start='1683920840323' status='failed' stop='1683920845348'>
            <name>Регистрация пользователя</name>
            <title>Регистрация пользователя</title>
            <labels/>
            <parameters/>
            <steps/>
            <attachments/>
            <failure>
                <message>: Timeout - Async callback was not invoked within the 5000 ms timeout specified by jest.setTimeout.</message>
                <stack-trace>Timeout - Async callback was not invoked within the 5000 ms timeout specified by jest.setTimeout.Error: 
                    at new Spec (C:\Users\windows10\testApiKomtek\node_modules\jest-jasmine2\build\jasmine\Spec.js:107:22)
                    at new Spec (C:\Users\windows10\testApiKomtek\node_modules\jest-jasmine2\build\setup_jest_globals.js:69:9)
                    at specFactory (C:\Users\windows10\testApiKomtek\node_modules\jest-jasmine2\build\jasmine\Env.js:398:22)
                    at Env.it (C:\Users\windows10\testApiKomtek\node_modules\jest-jasmine2\build\jasmine\Env.js:449:22)
                    at Env.it (C:\Users\windows10\testApiKomtek\node_modules\jest-jasmine2\build\jasmineAsyncInstall.js:143:23)
                    at it (C:\Users\windows10\testApiKomtek\node_modules\jest-jasmine2\build\jasmine\jasmineLight.js:67:21)
                    at Suite.test (C:\Users\windows10\testApiKomtek\tests\auth.spec.js:9:5)
                    at addSpecsToSuite (C:\Users\windows10\testApiKomtek\node_modules\jest-jasmine2\build\jasmine\Env.js:356:49)
                    at Env.describe (C:\Users\windows10\testApiKomtek\node_modules\jest-jasmine2\build\jasmine\Env.js:331:9)
                    at describe (C:\Users\windows10\testApiKomtek\node_modules\jest-jasmine2\build\jasmine\jasmineLight.js:58:18)
                    at Object.describe (C:\Users\windows10\testApiKomtek\tests\auth.spec.js:8:1)
                    at Runtime._execModule (C:\Users\windows10\testApiKomtek\node_modules\jest-runtime\build\index.js:1429:24)
                    at Runtime._loadModule (C:\Users\windows10\testApiKomtek\node_modules\jest-runtime\build\index.js:1013:12)
                    at Runtime.requireModule (C:\Users\windows10\testApiKomtek\node_modules\jest-runtime\build\index.js:873:12)
                    at jasmine2 (C:\Users\windows10\testApiKomtek\node_modules\jest-jasmine2\build\index.js:195:13)
                    at processTicksAndRejections (node:internal/process/task_queues:96:5)
                    at runTestInternal (C:\Users\windows10\testApiKomtek\node_modules\jest-runner\build\runTest.js:367:16)
                    at runTest (C:\Users\windows10\testApiKomtek\node_modules\jest-runner\build\runTest.js:444:34)</stack-trace>
            </failure>
        </test-case>
        <test-case start='1683920845349' status='failed' stop='1683920850366'>
            <name>Регистрация пользователя с невалидными данными</name>
            <title>Регистрация пользователя с невалидными данными</title>
            <labels/>
            <parameters/>
            <steps/>
            <attachments/>
            <failure>
                <message>: Timeout - Async callback was not invoked within the 5000 ms timeout specified by jest.setTimeout.</message>
                <stack-trace>Timeout - Async callback was not invoked within the 5000 ms timeout specified by jest.setTimeout.Error: 
                    at new Spec (C:\Users\windows10\testApiKomtek\node_modules\jest-jasmine2\build\jasmine\Spec.js:107:22)
                    at new Spec (C:\Users\windows10\testApiKomtek\node_modules\jest-jasmine2\build\setup_jest_globals.js:69:9)
                    at specFactory (C:\Users\windows10\testApiKomtek\node_modules\jest-jasmine2\build\jasmine\Env.js:398:22)
                    at Env.it (C:\Users\windows10\testApiKomtek\node_modules\jest-jasmine2\build\jasmine\Env.js:449:22)
                    at Env.it (C:\Users\windows10\testApiKomtek\node_modules\jest-jasmine2\build\jasmineAsyncInstall.js:143:23)
                    at it (C:\Users\windows10\testApiKomtek\node_modules\jest-jasmine2\build\jasmine\jasmineLight.js:67:21)
                    at Suite.test (C:\Users\windows10\testApiKomtek\tests\auth.spec.js:16:5)
                    at addSpecsToSuite (C:\Users\windows10\testApiKomtek\node_modules\jest-jasmine2\build\jasmine\Env.js:356:49)
                    at Env.describe (C:\Users\windows10\testApiKomtek\node_modules\jest-jasmine2\build\jasmine\Env.js:331:9)
                    at describe (C:\Users\windows10\testApiKomtek\node_modules\jest-jasmine2\build\jasmine\jasmineLight.js:58:18)
                    at Object.describe (C:\Users\windows10\testApiKomtek\tests\auth.spec.js:8:1)
                    at Runtime._execModule (C:\Users\windows10\testApiKomtek\node_modules\jest-runtime\build\index.js:1429:24)
                    at Runtime._loadModule (C:\Users\windows10\testApiKomtek\node_modules\jest-runtime\build\index.js:1013:12)
                    at Runtime.requireModule (C:\Users\windows10\testApiKomtek\node_modules\jest-runtime\build\index.js:873:12)
                    at jasmine2 (C:\Users\windows10\testApiKomtek\node_modules\jest-jasmine2\build\index.js:195:13)
                    at processTicksAndRejections (node:internal/process/task_queues:96:5)
                    at runTestInternal (C:\Users\windows10\testApiKomtek\node_modules\jest-runner\build\runTest.js:367:16)
                    at runTest (C:\Users\windows10\testApiKomtek\node_modules\jest-runner\build\runTest.js:444:34)</stack-trace>
            </failure>
        </test-case>
    </test-cases>
</ns2:test-suite>